<?xml version="1.0" encoding="UTF-8"?>
<robot generator="Robot 5.0.1 (Python 3.10.5 on win32)" generated="20220706 22:11:30.189" rpa="false" schemaversion="3">
<suite id="s1" name="Douglas" source="C:\Users\Douglas\Desktop\CTD\Turma 6\Testing l\Módulo 8 [Introdução à Automação de Testes]\A21A [Automação de Teste]\RobotCTD\douglas.robot">
<test id="s1-t1" name="Processo de compra na loja Sauce Demo" line="7">
<kw name="Acessar o site" library="douglas">
<kw name="Open Browser" library="SeleniumLibrary">
<arg>${SITE}</arg>
<arg>${NAVEGADOR}</arg>
<doc>Opens a new browser instance to the optional ``url``.</doc>
<msg timestamp="20220706 22:11:30.492" level="INFO">Opening browser 'Chrome' to base url 'https://www.saucedemo.com'.</msg>
<status status="PASS" starttime="20220706 22:11:30.491" endtime="20220706 22:11:32.376"/>
</kw>
<kw name="Maximize Browser Window" library="SeleniumLibrary">
<doc>Maximizes current browser window.</doc>
<status status="PASS" starttime="20220706 22:11:32.376" endtime="20220706 22:11:32.515"/>
</kw>
<status status="PASS" starttime="20220706 22:11:30.491" endtime="20220706 22:11:32.515"/>
</kw>
<kw name="Fazer login" library="douglas">
<kw name="Wait and Input Text" library="douglas">
<arg>${CAMPO_USUARIO}</arg>
<arg>${USUARIO}</arg>
<kw name="Wait Until Element Is Visible" library="SeleniumLibrary">
<arg>${CAMPO}</arg>
<doc>Waits until the element ``locator`` is visible.</doc>
<status status="PASS" starttime="20220706 22:11:32.517" endtime="20220706 22:11:32.551"/>
</kw>
<kw name="Input Text" library="SeleniumLibrary">
<arg>${CAMPO}</arg>
<arg>${TEXTO}</arg>
<doc>Types the given ``text`` into the text field identified by ``locator``.</doc>
<msg timestamp="20220706 22:11:32.552" level="INFO">Typing text 'standard_user' into text field 'css=#user-name'.</msg>
<status status="PASS" starttime="20220706 22:11:32.551" endtime="20220706 22:11:32.706"/>
</kw>
<status status="PASS" starttime="20220706 22:11:32.516" endtime="20220706 22:11:32.706"/>
</kw>
<kw name="Wait and Input Text" library="douglas">
<arg>${CAMPO_SENHA}</arg>
<arg>${SENHA}</arg>
<kw name="Wait Until Element Is Visible" library="SeleniumLibrary">
<arg>${CAMPO}</arg>
<doc>Waits until the element ``locator`` is visible.</doc>
<status status="PASS" starttime="20220706 22:11:32.706" endtime="20220706 22:11:32.736"/>
</kw>
<kw name="Input Text" library="SeleniumLibrary">
<arg>${CAMPO}</arg>
<arg>${TEXTO}</arg>
<doc>Types the given ``text`` into the text field identified by ``locator``.</doc>
<msg timestamp="20220706 22:11:32.737" level="INFO">Typing text 'secret_sauce' into text field 'css=#password'.</msg>
<status status="PASS" starttime="20220706 22:11:32.736" endtime="20220706 22:11:32.871"/>
</kw>
<status status="PASS" starttime="20220706 22:11:32.706" endtime="20220706 22:11:32.871"/>
</kw>
<kw name="Wait and Click" library="douglas">
<arg>${BOTAO_LOGIN}</arg>
<kw name="Wait Until Element Is Visible" library="SeleniumLibrary">
<arg>${ELEMENTO}</arg>
<doc>Waits until the element ``locator`` is visible.</doc>
<status status="PASS" starttime="20220706 22:11:32.871" endtime="20220706 22:11:32.894"/>
</kw>
<kw name="Click Element" library="SeleniumLibrary">
<arg>${ELEMENTO}</arg>
<doc>Click the element identified by ``locator``.</doc>
<msg timestamp="20220706 22:11:32.894" level="INFO">Clicking element 'css=#login-button'.</msg>
<status status="PASS" starttime="20220706 22:11:32.894" endtime="20220706 22:11:33.053"/>
</kw>
<status status="PASS" starttime="20220706 22:11:32.871" endtime="20220706 22:11:33.054"/>
</kw>
<status status="PASS" starttime="20220706 22:11:32.516" endtime="20220706 22:11:33.054"/>
</kw>
<kw name="Adicionar um produto ao carrinho" library="douglas">
<kw name="Wait and Click" library="douglas">
<arg>${ADICIONAR_CARRINHO}</arg>
<kw name="Wait Until Element Is Visible" library="SeleniumLibrary">
<arg>${ELEMENTO}</arg>
<doc>Waits until the element ``locator`` is visible.</doc>
<status status="PASS" starttime="20220706 22:11:33.056" endtime="20220706 22:11:33.340"/>
</kw>
<kw name="Click Element" library="SeleniumLibrary">
<arg>${ELEMENTO}</arg>
<doc>Click the element identified by ``locator``.</doc>
<msg timestamp="20220706 22:11:33.341" level="INFO">Clicking element 'css=#add-to-cart-sauce-labs-backpack'.</msg>
<status status="PASS" starttime="20220706 22:11:33.340" endtime="20220706 22:11:33.438"/>
</kw>
<status status="PASS" starttime="20220706 22:11:33.055" endtime="20220706 22:11:33.438"/>
</kw>
<status status="PASS" starttime="20220706 22:11:33.055" endtime="20220706 22:11:33.438"/>
</kw>
<kw name="Acessar o carrinho" library="douglas">
<kw name="Wait and Click" library="douglas">
<arg>${CARRINHO}</arg>
<kw name="Wait Until Element Is Visible" library="SeleniumLibrary">
<arg>${ELEMENTO}</arg>
<doc>Waits until the element ``locator`` is visible.</doc>
<status status="PASS" starttime="20220706 22:11:33.461" endtime="20220706 22:11:33.490"/>
</kw>
<kw name="Click Element" library="SeleniumLibrary">
<arg>${ELEMENTO}</arg>
<doc>Click the element identified by ``locator``.</doc>
<msg timestamp="20220706 22:11:33.491" level="INFO">Clicking element 'css=#shopping_cart_container &gt; a'.</msg>
<status status="PASS" starttime="20220706 22:11:33.491" endtime="20220706 22:11:33.595"/>
</kw>
<status status="PASS" starttime="20220706 22:11:33.460" endtime="20220706 22:11:33.595"/>
</kw>
<status status="PASS" starttime="20220706 22:11:33.458" endtime="20220706 22:11:33.595"/>
</kw>
<kw name="Clicar em 'Checkout'" library="douglas">
<kw name="Wait and Click" library="douglas">
<arg>${BOTAO_CHECKOUT}</arg>
<kw name="Wait Until Element Is Visible" library="SeleniumLibrary">
<arg>${ELEMENTO}</arg>
<doc>Waits until the element ``locator`` is visible.</doc>
<status status="PASS" starttime="20220706 22:11:33.597" endtime="20220706 22:11:33.617"/>
</kw>
<kw name="Click Element" library="SeleniumLibrary">
<arg>${ELEMENTO}</arg>
<doc>Click the element identified by ``locator``.</doc>
<msg timestamp="20220706 22:11:33.618" level="INFO">Clicking element 'css=#checkout'.</msg>
<status status="PASS" starttime="20220706 22:11:33.618" endtime="20220706 22:11:33.670"/>
</kw>
<status status="PASS" starttime="20220706 22:11:33.596" endtime="20220706 22:11:33.671"/>
</kw>
<status status="PASS" starttime="20220706 22:11:33.596" endtime="20220706 22:11:33.671"/>
</kw>
<kw name="Preencher informações do usuário" library="douglas">
<kw name="Wait and Input Text" library="douglas">
<arg>${CAMPO_NOME}</arg>
<arg>${NOME}</arg>
<kw name="Wait Until Element Is Visible" library="SeleniumLibrary">
<arg>${CAMPO}</arg>
<doc>Waits until the element ``locator`` is visible.</doc>
<status status="PASS" starttime="20220706 22:11:33.673" endtime="20220706 22:11:33.696"/>
</kw>
<kw name="Input Text" library="SeleniumLibrary">
<arg>${CAMPO}</arg>
<arg>${TEXTO}</arg>
<doc>Types the given ``text`` into the text field identified by ``locator``.</doc>
<msg timestamp="20220706 22:11:33.697" level="INFO">Typing text 'Tiago' into text field 'css=#first-name'.</msg>
<status status="PASS" starttime="20220706 22:11:33.696" endtime="20220706 22:11:33.789"/>
</kw>
<status status="PASS" starttime="20220706 22:11:33.672" endtime="20220706 22:11:33.789"/>
</kw>
<kw name="Wait and Input Text" library="douglas">
<arg>${CAMPO_SOBRENOME}</arg>
<arg>${SOBRENOME}</arg>
<kw name="Wait Until Element Is Visible" library="SeleniumLibrary">
<arg>${CAMPO}</arg>
<doc>Waits until the element ``locator`` is visible.</doc>
<status status="PASS" starttime="20220706 22:11:33.790" endtime="20220706 22:11:33.813"/>
</kw>
<kw name="Input Text" library="SeleniumLibrary">
<arg>${CAMPO}</arg>
<arg>${TEXTO}</arg>
<doc>Types the given ``text`` into the text field identified by ``locator``.</doc>
<msg timestamp="20220706 22:11:33.813" level="INFO">Typing text 'Gomes' into text field 'css=#last-name'.</msg>
<status status="PASS" starttime="20220706 22:11:33.813" endtime="20220706 22:11:33.905"/>
</kw>
<status status="PASS" starttime="20220706 22:11:33.790" endtime="20220706 22:11:33.906"/>
</kw>
<kw name="Wait and Input Text" library="douglas">
<arg>${CAMPO_CEP}</arg>
<arg>${CEP}</arg>
<kw name="Wait Until Element Is Visible" library="SeleniumLibrary">
<arg>${CAMPO}</arg>
<doc>Waits until the element ``locator`` is visible.</doc>
<status status="PASS" starttime="20220706 22:11:33.907" endtime="20220706 22:11:33.927"/>
</kw>
<kw name="Input Text" library="SeleniumLibrary">
<arg>${CAMPO}</arg>
<arg>${TEXTO}</arg>
<doc>Types the given ``text`` into the text field identified by ``locator``.</doc>
<msg timestamp="20220706 22:11:33.927" level="INFO">Typing text '123456' into text field 'css=#postal-code'.</msg>
<status status="PASS" starttime="20220706 22:11:33.927" endtime="20220706 22:11:34.023"/>
</kw>
<status status="PASS" starttime="20220706 22:11:33.906" endtime="20220706 22:11:34.023"/>
</kw>
<kw name="Wait and Click" library="douglas">
<arg>${BOTAO_CONTINUE}</arg>
<kw name="Wait Until Element Is Visible" library="SeleniumLibrary">
<arg>${ELEMENTO}</arg>
<doc>Waits until the element ``locator`` is visible.</doc>
<status status="PASS" starttime="20220706 22:11:34.024" endtime="20220706 22:11:34.045"/>
</kw>
<kw name="Click Element" library="SeleniumLibrary">
<arg>${ELEMENTO}</arg>
<doc>Click the element identified by ``locator``.</doc>
<msg timestamp="20220706 22:11:34.045" level="INFO">Clicking element 'css=#continue'.</msg>
<status status="PASS" starttime="20220706 22:11:34.045" endtime="20220706 22:11:34.103"/>
</kw>
<status status="PASS" starttime="20220706 22:11:34.023" endtime="20220706 22:11:34.103"/>
</kw>
<status status="PASS" starttime="20220706 22:11:33.672" endtime="20220706 22:11:34.103"/>
</kw>
<kw name="Clicar em 'Finish'" library="douglas">
<kw name="Wait and Click" library="douglas">
<arg>${BOTAO_FINISH}</arg>
<kw name="Wait Until Element Is Visible" library="SeleniumLibrary">
<arg>${ELEMENTO}</arg>
<doc>Waits until the element ``locator`` is visible.</doc>
<status status="PASS" starttime="20220706 22:11:34.105" endtime="20220706 22:11:34.127"/>
</kw>
<kw name="Click Element" library="SeleniumLibrary">
<arg>${ELEMENTO}</arg>
<doc>Click the element identified by ``locator``.</doc>
<msg timestamp="20220706 22:11:34.128" level="INFO">Clicking element 'css=#finish'.</msg>
<status status="PASS" starttime="20220706 22:11:34.127" endtime="20220706 22:11:34.173"/>
</kw>
<status status="PASS" starttime="20220706 22:11:34.104" endtime="20220706 22:11:34.173"/>
</kw>
<kw name="Page Should Contain" library="SeleniumLibrary">
<arg>${MENSAGEM_AGRADECIMETO}</arg>
<doc>Verifies that current page contains ``text``.</doc>
<msg timestamp="20220706 22:11:34.189" level="INFO">Current page contains text 'THANK YOU FOR YOUR ORDER'.</msg>
<status status="PASS" starttime="20220706 22:11:34.174" endtime="20220706 22:11:34.189"/>
</kw>
<status status="PASS" starttime="20220706 22:11:34.104" endtime="20220706 22:11:34.189"/>
</kw>
<status status="PASS" starttime="20220706 22:11:30.490" endtime="20220706 22:11:34.190"/>
</test>
<test id="s1-t2" name="Processo de compra na loja Sauce Demo com usuário incorreto" line="17">
<kw name="Acessar o site" library="douglas">
<kw name="Open Browser" library="SeleniumLibrary">
<arg>${SITE}</arg>
<arg>${NAVEGADOR}</arg>
<doc>Opens a new browser instance to the optional ``url``.</doc>
<msg timestamp="20220706 22:11:34.193" level="INFO">Opening browser 'Chrome' to base url 'https://www.saucedemo.com'.</msg>
<status status="PASS" starttime="20220706 22:11:34.192" endtime="20220706 22:11:36.207"/>
</kw>
<kw name="Maximize Browser Window" library="SeleniumLibrary">
<doc>Maximizes current browser window.</doc>
<status status="PASS" starttime="20220706 22:11:36.207" endtime="20220706 22:11:36.447"/>
</kw>
<status status="PASS" starttime="20220706 22:11:34.192" endtime="20220706 22:11:36.448"/>
</kw>
<kw name="Fazer login com usuário incorretos" library="douglas">
<kw name="Wait and Input Text" library="douglas">
<arg>${CAMPO_USUARIO}</arg>
<arg>${USUARIO_INCORRETO}</arg>
<kw name="Wait Until Element Is Visible" library="SeleniumLibrary">
<arg>${CAMPO}</arg>
<doc>Waits until the element ``locator`` is visible.</doc>
<status status="PASS" starttime="20220706 22:11:36.449" endtime="20220706 22:11:36.483"/>
</kw>
<kw name="Input Text" library="SeleniumLibrary">
<arg>${CAMPO}</arg>
<arg>${TEXTO}</arg>
<doc>Types the given ``text`` into the text field identified by ``locator``.</doc>
<msg timestamp="20220706 22:11:36.484" level="INFO">Typing text 'incorreto' into text field 'css=#user-name'.</msg>
<status status="PASS" starttime="20220706 22:11:36.484" endtime="20220706 22:11:36.625"/>
</kw>
<status status="PASS" starttime="20220706 22:11:36.448" endtime="20220706 22:11:36.625"/>
</kw>
<kw name="Wait and Input Text" library="douglas">
<arg>${CAMPO_SENHA}</arg>
<arg>${SENHA_INCORRETA}</arg>
<kw name="Wait Until Element Is Visible" library="SeleniumLibrary">
<arg>${CAMPO}</arg>
<doc>Waits until the element ``locator`` is visible.</doc>
<status status="PASS" starttime="20220706 22:11:36.626" endtime="20220706 22:11:36.653"/>
</kw>
<kw name="Input Text" library="SeleniumLibrary">
<arg>${CAMPO}</arg>
<arg>${TEXTO}</arg>
<doc>Types the given ``text`` into the text field identified by ``locator``.</doc>
<msg timestamp="20220706 22:11:36.653" level="INFO">Typing text 'error' into text field 'css=#password'.</msg>
<status status="PASS" starttime="20220706 22:11:36.653" endtime="20220706 22:11:36.737"/>
</kw>
<status status="PASS" starttime="20220706 22:11:36.625" endtime="20220706 22:11:36.738"/>
</kw>
<kw name="Wait and Click" library="douglas">
<arg>${BOTAO_LOGIN}</arg>
<kw name="Wait Until Element Is Visible" library="SeleniumLibrary">
<arg>${ELEMENTO}</arg>
<doc>Waits until the element ``locator`` is visible.</doc>
<status status="PASS" starttime="20220706 22:11:36.739" endtime="20220706 22:11:36.760"/>
</kw>
<kw name="Click Element" library="SeleniumLibrary">
<arg>${ELEMENTO}</arg>
<doc>Click the element identified by ``locator``.</doc>
<msg timestamp="20220706 22:11:36.761" level="INFO">Clicking element 'css=#login-button'.</msg>
<status status="PASS" starttime="20220706 22:11:36.760" endtime="20220706 22:11:36.813"/>
</kw>
<status status="PASS" starttime="20220706 22:11:36.738" endtime="20220706 22:11:36.813"/>
</kw>
<kw name="Element Should Contain" library="SeleniumLibrary">
<arg>${MENSAGEM_ERRO_LOGIN}</arg>
<doc>Verifies that element ``locator`` contains text ``expected``.</doc>
<msg timestamp="20220706 22:11:36.814" level="FAIL">Keyword 'SeleniumLibrary.Element Should Contain' expected 2 to 4 arguments, got 1.</msg>
<status status="FAIL" starttime="20220706 22:11:36.813" endtime="20220706 22:11:36.814"/>
</kw>
<status status="FAIL" starttime="20220706 22:11:36.448" endtime="20220706 22:11:36.814"/>
</kw>
<status status="FAIL" starttime="20220706 22:11:34.191" endtime="20220706 22:11:36.815">Keyword 'SeleniumLibrary.Element Should Contain' expected 2 to 4 arguments, got 1.</status>
</test>
<status status="FAIL" starttime="20220706 22:11:30.191" endtime="20220706 22:11:36.817"/>
</suite>
<statistics>
<total>
<stat pass="1" fail="1" skip="0">All Tests</stat>
</total>
<tag>
</tag>
<suite>
<stat pass="1" fail="1" skip="0" id="s1" name="Douglas">Douglas</stat>
</suite>
</statistics>
<errors>
</errors>
</robot>
